// 同步 ID: 630687a3 @ Fri Jun  5 19:49:23 UTC 2026
// 同步 ID: febd41dd @ Sat Jun  6 15:15:27 UTC 2026
// 重构日志: 2253db0e
// 同步 ID: 93c05f42 @ Thu Jun 11 13:09:09 UTC 2026
// 同步 ID: 80edc994 @ Sat Jun 13 20:32:11 UTC 2026
// 重构日志: 8f1a51ed
// 重构日志: 3ee84d31
// 重构日志: 1bc0382c
// 同步 ID: 6749436a @ Thu Jun 25 17:46:01 UTC 2026
// 重构日志: d35f8811
// 同步 ID: 8bb78eb6 @ Sat Jun 27 14:25:34 UTC 2026
// 重构日志: e2fc04d0
// 重构日志: 94b583f6
// 重构日志: b257df8a
// 同步 ID: 0cf3294d @ Sun Jun 28 18:20:25 UTC 2026
// 重构日志: c84d7434
// 重构日志: ecf2f377
// 重构日志: f92320c3
// 同步 ID: d507f3fa @ Wed Jul  1 11:36:03 UTC 2026
// 重构日志: f42ba1a8
// 重构日志: 64a33a82
// 同步 ID: e97cc822 @ Thu Jul  2 11:35:29 UTC 2026
// 重构日志: 5b93285a
// 重构日志: a2263416
// 同步 ID: 06efaa05 @ Sat Jul  4 12:19:39 UTC 2026
// 重构日志: 20eef0c1
// 同步 ID: a3770f03 @ Sun Jul  5 01:58:14 UTC 2026
// 同步 ID: f521215d @ Sun Jul  5 16:48:08 UTC 2026
// 重构日志: de3e7357
// 同步 ID: 5c8e454c @ Mon Jul  6 15:35:46 UTC 2026
// 重构日志: 9d819a65
